<?xml version="1.0" encoding="UTF-8"?>
<!-- Generated by org.testng.reporters.JUnitReportReporter -->
<testsuite skipped="0" hostname="TYSS-4F-081" name="com.framework.test.ValidLogin" tests="1" failures="0" timestamp="12 Sep 2018 09:46:05 GMT" time="14.724" errors="0">
  <testcase name="LoginApp" time="14.724" classname="com.framework.test.ValidLogin"/>
</testsuite> <!-- com.framework.test.ValidLogin -->
